This file contains any messages produced by compilers while
running configure, to aid debugging if configure makes a mistake.

It was created by recognize1984 configure 1984, which was
generated by GNU Autoconf 2.69.  Invocation command line was

  $ ./configure 

## --------- ##
## Platform. ##
## --------- ##

hostname = inf1
uname -m = x86_64
uname -r = 3.13.0-112-generic
uname -s = Linux
uname -v = #159-Ubuntu SMP Fri Mar 3 15:26:07 UTC 2017

/usr/bin/uname -p = unknown
/bin/uname -X     = unknown

/bin/arch              = unknown
/usr/bin/arch -k       = unknown
/usr/convex/getsysinfo = unknown
/usr/bin/hostinfo      = unknown
/bin/machine           = unknown
/usr/bin/oslevel       = unknown
/bin/universe          = unknown

PATH: /home/txema/bin
PATH: /home/txema/bin
PATH: /home/txema/.rvm/gems/ruby-2.2.1/bin
PATH: /home/txema/.rvm/gems/ruby-2.2.1@global/bin
PATH: /home/txema/.rvm/rubies/ruby-2.2.1/bin
PATH: /usr/local/sbin
PATH: /usr/local/bin
PATH: /usr/sbin
PATH: /usr/bin
PATH: /sbin
PATH: /bin
PATH: /usr/games
PATH: /usr/local/games
PATH: /home/txema/.rvm/bin
PATH: /home/txema/.rvm/bin
PATH: /home/txema/.rvm/bin
PATH: /home/txema/.rvm/bin


## ----------- ##
## Core tests. ##
## ----------- ##

configure:2170: checking for a BSD-compatible install
configure:2238: result: /usr/bin/install -c
configure:2249: checking whether build environment is sane
configure:2304: result: yes
configure:2455: checking for a thread-safe mkdir -p
configure:2494: result: /bin/mkdir -p
configure:2501: checking for gawk
configure:2517: found /usr/bin/gawk
configure:2528: result: gawk
configure:2539: checking whether make sets $(MAKE)
configure:2561: result: yes
configure:2590: checking whether make supports nested variables
configure:2607: result: yes
configure:2802: checking for g++
configure:2818: found /usr/bin/g++
configure:2829: result: g++
configure:2856: checking for C++ compiler version
configure:2865: g++ --version >&5
g++ (Ubuntu 4.8.4-2ubuntu1~14.04.3) 4.8.4
Copyright (C) 2013 Free Software Foundation, Inc.
This is free software; see the source for copying conditions.  There is NO
warranty; not even for MERCHANTABILITY or FITNESS FOR A PARTICULAR PURPOSE.

configure:2876: $? = 0
configure:2865: g++ -v >&5
Using built-in specs.
COLLECT_GCC=g++
COLLECT_LTO_WRAPPER=/usr/lib/gcc/x86_64-linux-gnu/4.8/lto-wrapper
Target: x86_64-linux-gnu
Configured with: ../src/configure -v --with-pkgversion='Ubuntu 4.8.4-2ubuntu1~14.04.3' --with-bugurl=file:///usr/share/doc/gcc-4.8/README.Bugs --enable-languages=c,c++,java,go,d,fortran,objc,obj-c++ --prefix=/usr --program-suffix=-4.8 --enable-shared --enable-linker-build-id --libexecdir=/usr/lib --without-included-gettext --enable-threads=posix --with-gxx-include-dir=/usr/include/c++/4.8 --libdir=/usr/lib --enable-nls --with-sysroot=/ --enable-clocale=gnu --enable-libstdcxx-debug --enable-libstdcxx-time=yes --enable-gnu-unique-object --disable-libmudflap --enable-plugin --with-system-zlib --disable-browser-plugin --enable-java-awt=gtk --enable-gtk-cairo --with-java-home=/usr/lib/jvm/java-1.5.0-gcj-4.8-amd64/jre --enable-java-home --with-jvm-root-dir=/usr/lib/jvm/java-1.5.0-gcj-4.8-amd64 --with-jvm-jar-dir=/usr/lib/jvm-exports/java-1.5.0-gcj-4.8-amd64 --with-arch-directory=amd64 --with-ecj-jar=/usr/share/java/eclipse-ecj.jar --enable-objc-gc --enable-multiarch --disable-werror --with-arch-32=i686 --with-abi=m64 --with-multilib-list=m32,m64,mx32 --with-tune=generic --enable-checking=release --build=x86_64-linux-gnu --host=x86_64-linux-gnu --target=x86_64-linux-gnu
Thread model: posix
gcc version 4.8.4 (Ubuntu 4.8.4-2ubuntu1~14.04.3) 
configure:2876: $? = 0
configure:2865: g++ -V >&5
g++: error: unrecognized command line option '-V'
g++: fatal error: no input files
compilation terminated.
configure:2876: $? = 4
configure:2865: g++ -qversion >&5
g++: error: unrecognized command line option '-qversion'
g++: fatal error: no input files
compilation terminated.
configure:2876: $? = 4
configure:2896: checking whether the C++ compiler works
configure:2918: g++    conftest.cpp  >&5
configure:2922: $? = 0
configure:2970: result: yes
configure:2973: checking for C++ compiler default output file name
configure:2975: result: a.out
configure:2981: checking for suffix of executables
configure:2988: g++ -o conftest    conftest.cpp  >&5
configure:2992: $? = 0
configure:3014: result: 
configure:3036: checking whether we are cross compiling
configure:3044: g++ -o conftest    conftest.cpp  >&5
configure:3048: $? = 0
configure:3055: ./conftest
configure:3059: $? = 0
configure:3074: result: no
configure:3079: checking for suffix of object files
configure:3101: g++ -c   conftest.cpp >&5
configure:3105: $? = 0
configure:3126: result: o
configure:3130: checking whether we are using the GNU C++ compiler
configure:3149: g++ -c   conftest.cpp >&5
configure:3149: $? = 0
configure:3158: result: yes
configure:3167: checking whether g++ accepts -g
configure:3187: g++ -c -g  conftest.cpp >&5
configure:3187: $? = 0
configure:3228: result: yes
configure:3262: checking for style of include used by make
configure:3290: result: GNU
configure:3316: checking dependency style of g++
configure:3427: result: none
configure:3490: checking for gcc
configure:3506: found /usr/bin/gcc
configure:3517: result: gcc
configure:3746: checking for C compiler version
configure:3755: gcc --version >&5
gcc (Ubuntu 4.8.4-2ubuntu1~14.04.3) 4.8.4
Copyright (C) 2013 Free Software Foundation, Inc.
This is free software; see the source for copying conditions.  There is NO
warranty; not even for MERCHANTABILITY or FITNESS FOR A PARTICULAR PURPOSE.

configure:3766: $? = 0
configure:3755: gcc -v >&5
Using built-in specs.
COLLECT_GCC=gcc
COLLECT_LTO_WRAPPER=/usr/lib/gcc/x86_64-linux-gnu/4.8/lto-wrapper
Target: x86_64-linux-gnu
Configured with: ../src/configure -v --with-pkgversion='Ubuntu 4.8.4-2ubuntu1~14.04.3' --with-bugurl=file:///usr/share/doc/gcc-4.8/README.Bugs --enable-languages=c,c++,java,go,d,fortran,objc,obj-c++ --prefix=/usr --program-suffix=-4.8 --enable-shared --enable-linker-build-id --libexecdir=/usr/lib --without-included-gettext --enable-threads=posix --with-gxx-include-dir=/usr/include/c++/4.8 --libdir=/usr/lib --enable-nls --with-sysroot=/ --enable-clocale=gnu --enable-libstdcxx-debug --enable-libstdcxx-time=yes --enable-gnu-unique-object --disable-libmudflap --enable-plugin --with-system-zlib --disable-browser-plugin --enable-java-awt=gtk --enable-gtk-cairo --with-java-home=/usr/lib/jvm/java-1.5.0-gcj-4.8-amd64/jre --enable-java-home --with-jvm-root-dir=/usr/lib/jvm/java-1.5.0-gcj-4.8-amd64 --with-jvm-jar-dir=/usr/lib/jvm-exports/java-1.5.0-gcj-4.8-amd64 --with-arch-directory=amd64 --with-ecj-jar=/usr/share/java/eclipse-ecj.jar --enable-objc-gc --enable-multiarch --disable-werror --with-arch-32=i686 --with-abi=m64 --with-multilib-list=m32,m64,mx32 --with-tune=generic --enable-checking=release --build=x86_64-linux-gnu --host=x86_64-linux-gnu --target=x86_64-linux-gnu
Thread model: posix
gcc version 4.8.4 (Ubuntu 4.8.4-2ubuntu1~14.04.3) 
configure:3766: $? = 0
configure:3755: gcc -V >&5
gcc: error: unrecognized command line option '-V'
gcc: fatal error: no input files
compilation terminated.
configure:3766: $? = 4
configure:3755: gcc -qversion >&5
gcc: error: unrecognized command line option '-qversion'
gcc: fatal error: no input files
compilation terminated.
configure:3766: $? = 4
configure:3770: checking whether we are using the GNU C compiler
configure:3789: gcc -c   conftest.c >&5
configure:3789: $? = 0
configure:3798: result: yes
configure:3807: checking whether gcc accepts -g
configure:3827: gcc -c -g  conftest.c >&5
configure:3827: $? = 0
configure:3868: result: yes
configure:3885: checking for gcc option to accept ISO C89
configure:3948: gcc  -c -g -O2  conftest.c >&5
configure:3948: $? = 0
configure:3961: result: none needed
configure:3986: checking whether gcc understands -c and -o together
configure:4008: gcc -c conftest.c -o conftest2.o
configure:4011: $? = 0
configure:4008: gcc -c conftest.c -o conftest2.o
configure:4011: $? = 0
configure:4023: result: yes
configure:4042: checking dependency style of gcc
configure:4153: result: none
configure:4171: checking for createEigenFaceRecognizer in -lopencv_contrib
configure:4196: g++ -o conftest -g -O2   conftest.cpp -lopencv_contrib   >&5
/tmp/ccQ0NvB9.o: In function `main':
/home/txema/work/1984/modules/recognition/src/conftest.cpp:22: undefined reference to `createEigenFaceRecognizer'
collect2: error: ld returned 1 exit status
configure:4196: $? = 1
configure: failed program was:
| /* confdefs.h */
| #define PACKAGE_NAME "recognize1984"
| #define PACKAGE_TARNAME "recognize1984"
| #define PACKAGE_VERSION "1984"
| #define PACKAGE_STRING "recognize1984 1984"
| #define PACKAGE_BUGREPORT "txema.gonz@gmail.com"
| #define PACKAGE_URL ""
| #define PACKAGE "recognize1984"
| #define VERSION "1984"
| /* end confdefs.h.  */
| 
| /* Override any GCC internal prototype to avoid an error.
|    Use char because int might match the return type of a GCC
|    builtin and then its argument prototype would still apply.  */
| #ifdef __cplusplus
| extern "C"
| #endif
| char createEigenFaceRecognizer ();
| int
| main ()
| {
| return createEigenFaceRecognizer ();
|   ;
|   return 0;
| }
configure:4205: result: no
configure:4216: checking for Algorithm in -lopencv_core
configure:4241: g++ -o conftest -g -O2   conftest.cpp -lopencv_core   >&5
/tmp/ccTJF8W4.o: In function `main':
/home/txema/work/1984/modules/recognition/src/conftest.cpp:22: undefined reference to `Algorithm'
collect2: error: ld returned 1 exit status
configure:4241: $? = 1
configure: failed program was:
| /* confdefs.h */
| #define PACKAGE_NAME "recognize1984"
| #define PACKAGE_TARNAME "recognize1984"
| #define PACKAGE_VERSION "1984"
| #define PACKAGE_STRING "recognize1984 1984"
| #define PACKAGE_BUGREPORT "txema.gonz@gmail.com"
| #define PACKAGE_URL ""
| #define PACKAGE "recognize1984"
| #define VERSION "1984"
| /* end confdefs.h.  */
| 
| /* Override any GCC internal prototype to avoid an error.
|    Use char because int might match the return type of a GCC
|    builtin and then its argument prototype would still apply.  */
| #ifdef __cplusplus
| extern "C"
| #endif
| char Algorithm ();
| int
| main ()
| {
| return Algorithm ();
|   ;
|   return 0;
| }
configure:4250: result: no
configure:4268: checking how to run the C++ preprocessor
configure:4295: g++ -E  conftest.cpp
configure:4295: $? = 0
configure:4309: g++ -E  conftest.cpp
conftest.cpp:11:28: fatal error: ac_nonexistent.h: No such file or directory
 #include <ac_nonexistent.h>
                            ^
compilation terminated.
configure:4309: $? = 1
configure: failed program was:
| /* confdefs.h */
| #define PACKAGE_NAME "recognize1984"
| #define PACKAGE_TARNAME "recognize1984"
| #define PACKAGE_VERSION "1984"
| #define PACKAGE_STRING "recognize1984 1984"
| #define PACKAGE_BUGREPORT "txema.gonz@gmail.com"
| #define PACKAGE_URL ""
| #define PACKAGE "recognize1984"
| #define VERSION "1984"
| /* end confdefs.h.  */
| #include <ac_nonexistent.h>
configure:4334: result: g++ -E
configure:4354: g++ -E  conftest.cpp
configure:4354: $? = 0
configure:4368: g++ -E  conftest.cpp
conftest.cpp:11:28: fatal error: ac_nonexistent.h: No such file or directory
 #include <ac_nonexistent.h>
                            ^
compilation terminated.
configure:4368: $? = 1
configure: failed program was:
| /* confdefs.h */
| #define PACKAGE_NAME "recognize1984"
| #define PACKAGE_TARNAME "recognize1984"
| #define PACKAGE_VERSION "1984"
| #define PACKAGE_STRING "recognize1984 1984"
| #define PACKAGE_BUGREPORT "txema.gonz@gmail.com"
| #define PACKAGE_URL ""
| #define PACKAGE "recognize1984"
| #define VERSION "1984"
| /* end confdefs.h.  */
| #include <ac_nonexistent.h>
configure:4397: checking for grep that handles long lines and -e
configure:4455: result: /bin/grep
configure:4460: checking for egrep
configure:4522: result: /bin/grep -E
configure:4527: checking for ANSI C header files
configure:4547: g++ -c -g -O2  conftest.cpp >&5
configure:4547: $? = 0
configure:4620: g++ -o conftest -g -O2   conftest.cpp  >&5
configure:4620: $? = 0
configure:4620: ./conftest
configure:4620: $? = 0
configure:4631: result: yes
configure:4644: checking for sys/types.h
configure:4644: g++ -c -g -O2  conftest.cpp >&5
configure:4644: $? = 0
configure:4644: result: yes
configure:4644: checking for sys/stat.h
configure:4644: g++ -c -g -O2  conftest.cpp >&5
configure:4644: $? = 0
configure:4644: result: yes
configure:4644: checking for stdlib.h
configure:4644: g++ -c -g -O2  conftest.cpp >&5
configure:4644: $? = 0
configure:4644: result: yes
configure:4644: checking for string.h
configure:4644: g++ -c -g -O2  conftest.cpp >&5
configure:4644: $? = 0
configure:4644: result: yes
configure:4644: checking for memory.h
configure:4644: g++ -c -g -O2  conftest.cpp >&5
configure:4644: $? = 0
configure:4644: result: yes
configure:4644: checking for strings.h
configure:4644: g++ -c -g -O2  conftest.cpp >&5
configure:4644: $? = 0
configure:4644: result: yes
configure:4644: checking for inttypes.h
configure:4644: g++ -c -g -O2  conftest.cpp >&5
configure:4644: $? = 0
configure:4644: result: yes
configure:4644: checking for stdint.h
configure:4644: g++ -c -g -O2  conftest.cpp >&5
configure:4644: $? = 0
configure:4644: result: yes
configure:4644: checking for unistd.h
configure:4644: g++ -c -g -O2  conftest.cpp >&5
configure:4644: $? = 0
configure:4644: result: yes
configure:4658: checking for stdlib.h
configure:4658: result: yes
configure:4784: checking that generated files are newer than configure
configure:4790: result: done
configure:4817: creating ./config.status

## ---------------------- ##
## Running config.status. ##
## ---------------------- ##

This file was extended by recognize1984 config.status 1984, which was
generated by GNU Autoconf 2.69.  Invocation command line was

  CONFIG_FILES    = 
  CONFIG_HEADERS  = 
  CONFIG_LINKS    = 
  CONFIG_COMMANDS = 
  $ ./config.status 

on inf1

config.status:859: creating Makefile
config.status:859: creating config.h
config.status:1088: executing depfiles commands

## ---------------- ##
## Cache variables. ##
## ---------------- ##

ac_cv_c_compiler_gnu=yes
ac_cv_cxx_compiler_gnu=yes
ac_cv_env_CCC_set=
ac_cv_env_CCC_value=
ac_cv_env_CC_set=
ac_cv_env_CC_value=
ac_cv_env_CFLAGS_set=
ac_cv_env_CFLAGS_value=
ac_cv_env_CPPFLAGS_set=
ac_cv_env_CPPFLAGS_value=
ac_cv_env_CXXCPP_set=
ac_cv_env_CXXCPP_value=
ac_cv_env_CXXFLAGS_set=
ac_cv_env_CXXFLAGS_value=
ac_cv_env_CXX_set=
ac_cv_env_CXX_value=
ac_cv_env_LDFLAGS_set=
ac_cv_env_LDFLAGS_value=
ac_cv_env_LIBS_set=
ac_cv_env_LIBS_value=
ac_cv_env_build_alias_set=
ac_cv_env_build_alias_value=
ac_cv_env_host_alias_set=
ac_cv_env_host_alias_value=
ac_cv_env_target_alias_set=
ac_cv_env_target_alias_value=
ac_cv_header_inttypes_h=yes
ac_cv_header_memory_h=yes
ac_cv_header_stdc=yes
ac_cv_header_stdint_h=yes
ac_cv_header_stdlib_h=yes
ac_cv_header_string_h=yes
ac_cv_header_strings_h=yes
ac_cv_header_sys_stat_h=yes
ac_cv_header_sys_types_h=yes
ac_cv_header_unistd_h=yes
ac_cv_lib_opencv_contrib_createEigenFaceRecognizer=no
ac_cv_lib_opencv_core_Algorithm=no
ac_cv_objext=o
ac_cv_path_EGREP='/bin/grep -E'
ac_cv_path_GREP=/bin/grep
ac_cv_path_install='/usr/bin/install -c'
ac_cv_path_mkdir=/bin/mkdir
ac_cv_prog_AWK=gawk
ac_cv_prog_CXXCPP='g++ -E'
ac_cv_prog_ac_ct_CC=gcc
ac_cv_prog_ac_ct_CXX=g++
ac_cv_prog_cc_c89=
ac_cv_prog_cc_g=yes
ac_cv_prog_cxx_g=yes
ac_cv_prog_make_make_set=yes
am_cv_CC_dependencies_compiler_type=none
am_cv_CXX_dependencies_compiler_type=none
am_cv_make_support_nested_variables=yes
am_cv_prog_cc_c_o=yes

## ----------------- ##
## Output variables. ##
## ----------------- ##

ACLOCAL='${SHELL} /home/txema/work/1984/modules/recognition/src/missing aclocal-1.14'
AMDEPBACKSLASH='\'
AMDEP_FALSE='#'
AMDEP_TRUE=''
AMTAR='$${TAR-tar}'
AM_BACKSLASH='\'
AM_DEFAULT_V='$(AM_DEFAULT_VERBOSITY)'
AM_DEFAULT_VERBOSITY='1'
AM_V='$(V)'
AUTOCONF='${SHELL} /home/txema/work/1984/modules/recognition/src/missing autoconf'
AUTOHEADER='${SHELL} /home/txema/work/1984/modules/recognition/src/missing autoheader'
AUTOMAKE='${SHELL} /home/txema/work/1984/modules/recognition/src/missing automake-1.14'
AWK='gawk'
CC='gcc'
CCDEPMODE='depmode=none'
CFLAGS='-g -O2'
CPPFLAGS=''
CXX='g++'
CXXCPP='g++ -E'
CXXDEPMODE='depmode=none'
CXXFLAGS='-g -O2'
CYGPATH_W='echo'
DEFS='-DHAVE_CONFIG_H'
DEPDIR='.deps'
ECHO_C=''
ECHO_N='-n'
ECHO_T=''
EGREP='/bin/grep -E'
EXEEXT=''
GREP='/bin/grep'
INSTALL_DATA='${INSTALL} -m 644'
INSTALL_PROGRAM='${INSTALL}'
INSTALL_SCRIPT='${INSTALL}'
INSTALL_STRIP_PROGRAM='$(install_sh) -c -s'
LDFLAGS=''
LIBOBJS=''
LIBS=''
LTLIBOBJS=''
MAKEINFO='${SHELL} /home/txema/work/1984/modules/recognition/src/missing makeinfo'
MKDIR_P='/bin/mkdir -p'
OBJEXT='o'
PACKAGE='recognize1984'
PACKAGE_BUGREPORT='txema.gonz@gmail.com'
PACKAGE_NAME='recognize1984'
PACKAGE_STRING='recognize1984 1984'
PACKAGE_TARNAME='recognize1984'
PACKAGE_URL=''
PACKAGE_VERSION='1984'
PATH_SEPARATOR=':'
SET_MAKE=''
SHELL='/bin/bash'
STRIP=''
VERSION='1984'
ac_ct_CC='gcc'
ac_ct_CXX='g++'
am__EXEEXT_FALSE=''
am__EXEEXT_TRUE='#'
am__fastdepCC_FALSE=''
am__fastdepCC_TRUE='#'
am__fastdepCXX_FALSE=''
am__fastdepCXX_TRUE='#'
am__include='include'
am__isrc=''
am__leading_dot='.'
am__nodep='_no'
am__quote=''
am__tar='$${TAR-tar} chof - "$$tardir"'
am__untar='$${TAR-tar} xf -'
bindir='${exec_prefix}/bin'
build_alias=''
datadir='${datarootdir}'
datarootdir='${prefix}/share'
docdir='${datarootdir}/doc/${PACKAGE_TARNAME}'
dvidir='${docdir}'
exec_prefix='${prefix}'
host_alias=''
htmldir='${docdir}'
includedir='${prefix}/include'
infodir='${datarootdir}/info'
install_sh='${SHELL} /home/txema/work/1984/modules/recognition/src/install-sh'
libdir='${exec_prefix}/lib'
libexecdir='${exec_prefix}/libexec'
localedir='${datarootdir}/locale'
localstatedir='${prefix}/var'
mandir='${datarootdir}/man'
mkdir_p='$(MKDIR_P)'
oldincludedir='/usr/include'
pdfdir='${docdir}'
prefix='/usr/local'
program_transform_name='s,x,x,'
psdir='${docdir}'
sbindir='${exec_prefix}/sbin'
sharedstatedir='${prefix}/com'
sysconfdir='${prefix}/etc'
target_alias=''

## ----------- ##
## confdefs.h. ##
## ----------- ##

/* confdefs.h */
#define PACKAGE_NAME "recognize1984"
#define PACKAGE_TARNAME "recognize1984"
#define PACKAGE_VERSION "1984"
#define PACKAGE_STRING "recognize1984 1984"
#define PACKAGE_BUGREPORT "txema.gonz@gmail.com"
#define PACKAGE_URL ""
#define PACKAGE "recognize1984"
#define VERSION "1984"
#define STDC_HEADERS 1
#define HAVE_SYS_TYPES_H 1
#define HAVE_SYS_STAT_H 1
#define HAVE_STDLIB_H 1
#define HAVE_STRING_H 1
#define HAVE_MEMORY_H 1
#define HAVE_STRINGS_H 1
#define HAVE_INTTYPES_H 1
#define HAVE_STDINT_H 1
#define HAVE_UNISTD_H 1
#define HAVE_STDLIB_H 1

configure: exit 0
